=~=~=~=~=~=~=~=~=~=~=~= PuTTY log 2020.12.11 13:01:07 =~=~=~=~=~=~=~=~=~=~=~=
Using username "hadoop".
Authenticating with public key "imported-openssh-key"
Passphrase for key "imported-openssh-key": 
Last login: Fri Dec 11 17:53:08 2020

       __|  __|_  )
       _|  (     /   Amazon Linux 2 AMI
      ___|\___|___|

https://aws.amazon.com/amazon-linux-2/
66 package(s) needed for security, out of 123 available
Run "sudo yum update" to apply all updates.
                                                                    
EEEEEEEEEEEEEEEEEEEE MMMMMMMM           MMMMMMMM RRRRRRRRRRRRRRR    
E::::::::::::::::::E M:::::::M         M:::::::M R::::::::::::::R   
EE:::::EEEEEEEEE:::E M::::::::M       M::::::::M R:::::RRRRRR:::::R 
  E::::E       EEEEE M:::::::::M     M:::::::::M RR::::R      R::::R
  E::::E             M::::::M:::M   M:::M::::::M   R:::R      R::::R
  E:::::EEEEEEEEEE   M:::::M M:::M M:::M M:::::M   R:::RRRRRR:::::R 
  E::::::::::::::E   M:::::M  M:::M:::M  M:::::M   R:::::::::::RR   
  E:::::EEEEEEEEEE   M:::::M   M:::::M   M:::::M   R:::RRRRRR::::R  
  E::::E             M:::::M    M:::M    M:::::M   R:::R      R::::R
  E::::E       EEEEE M:::::M     MMM     M:::::M   R:::R      R::::R
EE:::::EEEEEEEE::::E M:::::M             M:::::M   R:::R      R::::R
E::::::::::::::::::E M:::::M             M:::::M RR::::R      R::::R
EEEEEEEEEEEEEEEEEEEE MMMMMMM             MMMMMMM RRRRRRR      RRRRRR
                                                                    
[hadoop@ip-172-31-37-136 ~]$ [hadoop@ip-172-31-37-136 ~]$ aws s3 cp s3://groupproject8/svm6190-0.0.1-SNAPSHOT.jar .group8bucket
Completed 21.4 KiB/21.4 KiB (391.9 KiB/s) with 1 file(s) remainingdownload: s3://group8bucket/svm6190-0.0.1-SNAPSHOT.jar to ./svm6190-0.0.1-SNAPSHOT.jar
[hadoop@ip-172-31-37-136 ~]$ spark-submit --class svmdriver --master yarn --deploy-mode client s3://groupproject8/svm6190-0.0.1-SNAPSHOT.jar s3://groupproject8/data.txtbucjkeket
20/12/11 18:02:18 INFO SparkContext: Running Spark version 2.4.5-amzn-0
20/12/11 18:02:18 INFO SparkContext: Submitted application: SparkAction
20/12/11 18:02:18 INFO SecurityManager: Changing view acls to: hadoop
20/12/11 18:02:18 INFO SecurityManager: Changing modify acls to: hadoop
20/12/11 18:02:18 INFO SecurityManager: Changing view acls groups to: 
20/12/11 18:02:18 INFO SecurityManager: Changing modify acls groups to: 
20/12/11 18:02:18 INFO SecurityManager: SecurityManager: authentication disabled; ui acls disabled; users  with view permissions: Set(hadoop); groups with view permissions: Set(); users  with modify permissions: Set(hadoop); groups with modify permissions: Set()
20/12/11 18:02:19 INFO Utils: Successfully started service 'sparkDriver' on port 33651.
20/12/11 18:02:19 INFO SparkEnv: Registering MapOutputTracker
20/12/11 18:02:20 INFO SparkEnv: Registering BlockManagerMaster
20/12/11 18:02:20 INFO BlockManagerMasterEndpoint: Using org.apache.spark.storage.DefaultTopologyMapper for getting topology information
20/12/11 18:02:20 INFO BlockManagerMasterEndpoint: BlockManagerMasterEndpoint up
20/12/11 18:02:20 INFO DiskBlockManager: Created local directory at /mnt/tmp/blockmgr-84445e94-ffe8-4e9f-bc23-6f96e4229262
20/12/11 18:02:20 INFO MemoryStore: MemoryStore started with capacity 1038.8 MB
20/12/11 18:02:20 INFO SparkEnv: Registering OutputCommitCoordinator
20/12/11 18:02:21 INFO Utils: Successfully started service 'SparkUI' on port 4040.
20/12/11 18:02:21 INFO SparkUI: Bound SparkUI to 0.0.0.0, and started at http://ip-172-31-37-136.us-east-2.compute.internal:4040
20/12/11 18:02:21 INFO SparkContext: Added JAR s3://group8bucket/svm6190-0.0.1-SNAPSHOT.jar at s3://group8bucket/svm6190-0.0.1-SNAPSHOT.jar with timestamp 1607709741346
20/12/11 18:02:21 INFO Executor: Starting executor ID driver on host localhost
20/12/11 18:02:21 INFO Utils: Successfully started service 'org.apache.spark.network.netty.NettyBlockTransferService' on port 38617.
20/12/11 18:02:21 INFO NettyBlockTransferService: Server created on ip-172-31-37-136.us-east-2.compute.internal:38617
20/12/11 18:02:21 INFO BlockManager: Using org.apache.spark.storage.RandomBlockReplicationPolicy for block replication policy
20/12/11 18:02:21 INFO BlockManagerMaster: Registering BlockManager BlockManagerId(driver, ip-172-31-37-136.us-east-2.compute.internal, 38617, None)
20/12/11 18:02:21 INFO BlockManagerMasterEndpoint: Registering block manager ip-172-31-37-136.us-east-2.compute.internal:38617 with 1038.8 MB RAM, BlockManagerId(driver, ip-172-31-37-136.us-east-2.compute.internal, 38617, None)
20/12/11 18:02:21 INFO BlockManagerMaster: Registered BlockManager BlockManagerId(driver, ip-172-31-37-136.us-east-2.compute.internal, 38617, None)
20/12/11 18:02:21 INFO BlockManager: external shuffle service port = 7337
20/12/11 18:02:21 INFO BlockManager: Initialized BlockManager: BlockManagerId(driver, ip-172-31-37-136.us-east-2.compute.internal, 38617, None)
20/12/11 18:02:21 INFO Executor: Told to re-register on heartbeat
20/12/11 18:02:21 INFO BlockManager: BlockManager BlockManagerId(driver, ip-172-31-37-136.us-east-2.compute.internal, 38617, None) re-registering with master
20/12/11 18:02:21 INFO BlockManagerMaster: Registering BlockManager BlockManagerId(driver, ip-172-31-37-136.us-east-2.compute.internal, 38617, None)
20/12/11 18:02:21 INFO BlockManagerMaster: Registered BlockManager BlockManagerId(driver, ip-172-31-37-136.us-east-2.compute.internal, 38617, None)
20/12/11 18:02:21 INFO BlockManager: Reporting 0 blocks to the master.
20/12/11 18:02:21 INFO Executor: Told to re-register on heartbeat
20/12/11 18:02:21 INFO BlockManager: BlockManager BlockManagerId(driver, ip-172-31-37-136.us-east-2.compute.internal, 38617, None) re-registering with master
20/12/11 18:02:21 INFO BlockManagerMaster: Registering BlockManager BlockManagerId(driver, ip-172-31-37-136.us-east-2.compute.internal, 38617, None)
20/12/11 18:02:21 INFO BlockManagerMaster: Registered BlockManager BlockManagerId(driver, ip-172-31-37-136.us-east-2.compute.internal, 38617, None)
20/12/11 18:02:21 INFO BlockManager: Reporting 0 blocks to the master.
20/12/11 18:02:21 INFO Executor: Told to re-register on heartbeat
20/12/11 18:02:21 INFO BlockManager: BlockManager BlockManagerId(driver, ip-172-31-37-136.us-east-2.compute.internal, 38617, None) re-registering with master
20/12/11 18:02:21 INFO BlockManagerMaster: Registering BlockManager BlockManagerId(driver, ip-172-31-37-136.us-east-2.compute.internal, 38617, None)
20/12/11 18:02:21 INFO BlockManagerMaster: Registered BlockManager BlockManagerId(driver, ip-172-31-37-136.us-east-2.compute.internal, 38617, None)
20/12/11 18:02:21 INFO BlockManager: Reporting 0 blocks to the master.
20/12/11 18:02:22 INFO Executor: Told to re-register on heartbeat
20/12/11 18:02:22 INFO BlockManager: BlockManager BlockManagerId(driver, ip-172-31-37-136.us-east-2.compute.internal, 38617, None) re-registering with master
20/12/11 18:02:22 INFO BlockManagerMaster: Registering BlockManager BlockManagerId(driver, ip-172-31-37-136.us-east-2.compute.internal, 38617, None)
20/12/11 18:02:22 INFO BlockManagerMaster: Registered BlockManager BlockManagerId(driver, ip-172-31-37-136.us-east-2.compute.internal, 38617, None)
20/12/11 18:02:22 INFO BlockManager: Reporting 0 blocks to the master.
20/12/11 18:02:22 INFO Executor: Told to re-register on heartbeat
20/12/11 18:02:22 INFO BlockManager: BlockManager BlockManagerId(driver, ip-172-31-37-136.us-east-2.compute.internal, 38617, None) re-registering with master
20/12/11 18:02:22 INFO BlockManagerMaster: Registering BlockManager BlockManagerId(driver, ip-172-31-37-136.us-east-2.compute.internal, 38617, None)
20/12/11 18:02:22 INFO BlockManagerMaster: Registered BlockManager BlockManagerId(driver, ip-172-31-37-136.us-east-2.compute.internal, 38617, None)
20/12/11 18:02:22 INFO BlockManager: Reporting 0 blocks to the master.
20/12/11 18:02:22 INFO Executor: Told to re-register on heartbeat
20/12/11 18:02:22 INFO BlockManager: BlockManager BlockManagerId(driver, ip-172-31-37-136.us-east-2.compute.internal, 38617, None) re-registering with master
20/12/11 18:02:22 INFO BlockManagerMaster: Registering BlockManager BlockManagerId(driver, ip-172-31-37-136.us-east-2.compute.internal, 38617, None)
20/12/11 18:02:22 INFO BlockManagerMaster: Registered BlockManager BlockManagerId(driver, ip-172-31-37-136.us-east-2.compute.internal, 38617, None)
20/12/11 18:02:22 INFO BlockManager: Reporting 0 blocks to the master.
20/12/11 18:02:22 INFO Executor: Told to re-register on heartbeat
20/12/11 18:02:22 INFO BlockManager: BlockManager BlockManagerId(driver, ip-172-31-37-136.us-east-2.compute.internal, 38617, None) re-registering with master
20/12/11 18:02:22 INFO BlockManagerMaster: Registering BlockManager BlockManagerId(driver, ip-172-31-37-136.us-east-2.compute.internal, 38617, None)
20/12/11 18:02:22 INFO BlockManagerMaster: Registered BlockManager BlockManagerId(driver, ip-172-31-37-136.us-east-2.compute.internal, 38617, None)
20/12/11 18:02:22 INFO BlockManager: Reporting 0 blocks to the master.
20/12/11 18:02:22 INFO Executor: Told to re-register on heartbeat
20/12/11 18:02:22 INFO BlockManager: BlockManager BlockManagerId(driver, ip-172-31-37-136.us-east-2.compute.internal, 38617, None) re-registering with master
20/12/11 18:02:22 INFO BlockManagerMaster: Registering BlockManager BlockManagerId(driver, ip-172-31-37-136.us-east-2.compute.internal, 38617, None)
20/12/11 18:02:22 INFO BlockManagerMaster: Registered BlockManager BlockManagerId(driver, ip-172-31-37-136.us-east-2.compute.internal, 38617, None)
20/12/11 18:02:22 INFO BlockManager: Reporting 0 blocks to the master.
20/12/11 18:02:22 INFO Executor: Told to re-register on heartbeat
20/12/11 18:02:22 INFO BlockManager: BlockManager BlockManagerId(driver, ip-172-31-37-136.us-east-2.compute.internal, 38617, None) re-registering with master
20/12/11 18:02:22 INFO BlockManagerMaster: Registering BlockManager BlockManagerId(driver, ip-172-31-37-136.us-east-2.compute.internal, 38617, None)
20/12/11 18:02:22 INFO BlockManagerMaster: Registered BlockManager BlockManagerId(driver, ip-172-31-37-136.us-east-2.compute.internal, 38617, None)
20/12/11 18:02:22 INFO BlockManager: Reporting 0 blocks to the master.
20/12/11 18:02:22 INFO Executor: Told to re-register on heartbeat
20/12/11 18:02:22 INFO BlockManager: BlockManager BlockManagerId(driver, ip-172-31-37-136.us-east-2.compute.internal, 38617, None) re-registering with master
20/12/11 18:02:22 INFO BlockManagerMaster: Registering BlockManager BlockManagerId(driver, ip-172-31-37-136.us-east-2.compute.internal, 38617, None)
20/12/11 18:02:22 INFO BlockManagerMaster: Registered BlockManager BlockManagerId(driver, ip-172-31-37-136.us-east-2.compute.internal, 38617, None)
20/12/11 18:02:22 INFO BlockManager: Reporting 0 blocks to the master.
20/12/11 18:02:22 INFO Executor: Told to re-register on heartbeat
20/12/11 18:02:22 INFO BlockManager: BlockManager BlockManagerId(driver, ip-172-31-37-136.us-east-2.compute.internal, 38617, None) re-registering with master
20/12/11 18:02:22 INFO BlockManagerMaster: Registering BlockManager BlockManagerId(driver, ip-172-31-37-136.us-east-2.compute.internal, 38617, None)
20/12/11 18:02:22 INFO BlockManagerMaster: Registered BlockManager BlockManagerId(driver, ip-172-31-37-136.us-east-2.compute.internal, 38617, None)
20/12/11 18:02:22 INFO BlockManager: Reporting 0 blocks to the master.
20/12/11 18:02:22 INFO Executor: Told to re-register on heartbeat
20/12/11 18:02:22 INFO BlockManager: BlockManager BlockManagerId(driver, ip-172-31-37-136.us-east-2.compute.internal, 38617, None) re-registering with master
20/12/11 18:02:22 INFO BlockManagerMaster: Registering BlockManager BlockManagerId(driver, ip-172-31-37-136.us-east-2.compute.internal, 38617, None)
20/12/11 18:02:22 INFO BlockManagerMaster: Registered BlockManager BlockManagerId(driver, ip-172-31-37-136.us-east-2.compute.internal, 38617, None)
20/12/11 18:02:22 INFO BlockManager: Reporting 0 blocks to the master.
20/12/11 18:02:22 INFO Executor: Told to re-register on heartbeat
20/12/11 18:02:22 INFO BlockManager: BlockManager BlockManagerId(driver, ip-172-31-37-136.us-east-2.compute.internal, 38617, None) re-registering with master
20/12/11 18:02:22 INFO BlockManagerMaster: Registering BlockManager BlockManagerId(driver, ip-172-31-37-136.us-east-2.compute.internal, 38617, None)
20/12/11 18:02:22 INFO BlockManagerMaster: Registered BlockManager BlockManagerId(driver, ip-172-31-37-136.us-east-2.compute.internal, 38617, None)
20/12/11 18:02:22 INFO BlockManager: Reporting 0 blocks to the master.
20/12/11 18:02:23 INFO Executor: Told to re-register on heartbeat
20/12/11 18:02:23 INFO BlockManager: BlockManager BlockManagerId(driver, ip-172-31-37-136.us-east-2.compute.internal, 38617, None) re-registering with master
20/12/11 18:02:23 INFO BlockManagerMaster: Registering BlockManager BlockManagerId(driver, ip-172-31-37-136.us-east-2.compute.internal, 38617, None)
20/12/11 18:02:23 INFO BlockManagerMaster: Registered BlockManager BlockManagerId(driver, ip-172-31-37-136.us-east-2.compute.internal, 38617, None)
20/12/11 18:02:23 INFO BlockManager: Reporting 0 blocks to the master.
20/12/11 18:02:23 INFO Executor: Told to re-register on heartbeat
20/12/11 18:02:23 INFO BlockManager: BlockManager BlockManagerId(driver, ip-172-31-37-136.us-east-2.compute.internal, 38617, None) re-registering with master
20/12/11 18:02:23 INFO BlockManagerMaster: Registering BlockManager BlockManagerId(driver, ip-172-31-37-136.us-east-2.compute.internal, 38617, None)
20/12/11 18:02:23 INFO BlockManagerMaster: Registered BlockManager BlockManagerId(driver, ip-172-31-37-136.us-east-2.compute.internal, 38617, None)
20/12/11 18:02:23 INFO BlockManager: Reporting 0 blocks to the master.
20/12/11 18:02:23 INFO EventLoggingListener: Logging events to hdfs:/var/log/spark/apps/local-1607709741488
20/12/11 18:02:23 INFO MemoryStore: Block broadcast_0 stored as values in memory (estimated size 246.5 KB, free 1038.6 MB)
20/12/11 18:02:23 INFO MemoryStore: Block broadcast_0_piece0 stored as bytes in memory (estimated size 24.4 KB, free 1038.6 MB)
20/12/11 18:02:23 INFO BlockManagerInfo: Added broadcast_0_piece0 in memory on ip-172-31-37-136.us-east-2.compute.internal:38617 (size: 24.4 KB, free: 1038.8 MB)
20/12/11 18:02:23 INFO SparkContext: Created broadcast 0 from textFile at MLUtils.scala:101
20/12/11 18:02:24 INFO GPLNativeCodeLoader: Loaded native gpl library
20/12/11 18:02:24 INFO LzoCodec: Successfully loaded & initialized native-lzo library [hadoop-lzo rev ff8f5709577defb6b78cdc1f98cfe129c4b6fe46]
Exception in thread "main" java.io.IOException: com.amazon.ws.emr.hadoop.fs.shaded.com.amazonaws.services.s3.model.AmazonS3Exception: The specified bucket does not exist (Service: Amazon S3; Status Code: 404; Error Code: NoSuchBucket; Request ID: F3A5778D48E15E57; S3 Extended Request ID: hDZ5Xr7/d//p7tlepXB/whD0AkTZ0K6ro8YkV8MGnR0mCBv2WWX/Wh/d2bRXtWgj77PtPhp7Tho=), S3 Extended Request ID: hDZ5Xr7/d//p7tlepXB/whD0AkTZ0K6ro8YkV8MGnR0mCBv2WWX/Wh/d2bRXtWgj77PtPhp7Tho=
at com.amazon.ws.emr.hadoop.fs.s3n.Jets3tNativeFileSystemStore.list(Jets3tNativeFileSystemStore.java:329)
at com.amazon.ws.emr.hadoop.fs.s3n.S3NativeFileSystem.getFileStatus(S3NativeFileSystem.java:613)
at org.apache.hadoop.fs.Globber.getFileStatus(Globber.java:64)
at org.apache.hadoop.fs.Globber.doGlob(Globber.java:269)
at org.apache.hadoop.fs.Globber.glob(Globber.java:148)
at org.apache.hadoop.fs.FileSystem.globStatus(FileSystem.java:1760)
at com.amazon.ws.emr.hadoop.fs.EmrFileSystem.globStatus(EmrFileSystem.java:413)
at org.apache.hadoop.mapred.FileInputFormat.singleThreadedListStatus(FileInputFormat.java:238)
at org.apache.hadoop.mapred.FileInputFormat.listStatus(FileInputFormat.java:208)
at org.apache.hadoop.mapred.FileInputFormat.getSplits(FileInputFormat.java:288)
at org.apache.spark.rdd.HadoopRDD.getPartitions(HadoopRDD.scala:204)
at org.apache.spark.rdd.RDD$$anonfun$partitions$2.apply(RDD.scala:273)
at org.apache.spark.rdd.RDD$$anonfun$partitions$2.apply(RDD.scala:269)
at scala.Option.getOrElse(Option.scala:121)
at org.apache.spark.rdd.RDD.partitions(RDD.scala:269)
at org.apache.spark.rdd.MapPartitionsRDD.getPartitions(MapPartitionsRDD.scala:49)
at org.apache.spark.rdd.RDD$$anonfun$partitions$2.apply(RDD.scala:273)
at org.apache.spark.rdd.RDD$$anonfun$partitions$2.apply(RDD.scala:269)
at scala.Option.getOrElse(Option.scala:121)
at org.apache.spark.rdd.RDD.partitions(RDD.scala:269)
at org.apache.spark.rdd.MapPartitionsRDD.getPartitions(MapPartitionsRDD.scala:49)
at org.apache.spark.rdd.RDD$$anonfun$partitions$2.apply(RDD.scala:273)
at org.apache.spark.rdd.RDD$$anonfun$partitions$2.apply(RDD.scala:269)
at scala.Option.getOrElse(Option.scala:121)
at org.apache.spark.rdd.RDD.partitions(RDD.scala:269)
at org.apache.spark.rdd.MapPartitionsRDD.getPartitions(MapPartitionsRDD.scala:49)
at org.apache.spark.rdd.RDD$$anonfun$partitions$2.apply(RDD.scala:273)
at org.apache.spark.rdd.RDD$$anonfun$partitions$2.apply(RDD.scala:269)
at scala.Option.getOrElse(Option.scala:121)
at org.apache.spark.rdd.RDD.partitions(RDD.scala:269)
at org.apache.spark.rdd.MapPartitionsRDD.getPartitions(MapPartitionsRDD.scala:49)
at org.apache.spark.rdd.RDD$$anonfun$partitions$2.apply(RDD.scala:273)
at org.apache.spark.rdd.RDD$$anonfun$partitions$2.apply(RDD.scala:269)
at scala.Option.getOrElse(Option.scala:121)
at org.apache.spark.rdd.RDD.partitions(RDD.scala:269)
at org.apache.spark.rdd.MapPartitionsRDD.getPartitions(MapPartitionsRDD.scala:49)
at org.apache.spark.rdd.RDD$$anonfun$partitions$2.apply(RDD.scala:273)
at org.apache.spark.rdd.RDD$$anonfun$partitions$2.apply(RDD.scala:269)
at scala.Option.getOrElse(Option.scala:121)
at org.apache.spark.rdd.RDD.partitions(RDD.scala:269)
at org.apache.spark.SparkContext.runJob(SparkContext.scala:2158)
at org.apache.spark.rdd.RDD$$anonfun$reduce$1.apply(RDD.scala:1080)
at org.apache.spark.rdd.RDDOperationScope$.withScope(RDDOperationScope.scala:151)
at org.apache.spark.rdd.RDDOperationScope$.withScope(RDDOperationScope.scala:112)
at org.apache.spark.rdd.RDD.withScope(RDD.scala:385)
at org.apache.spark.rdd.RDD.reduce(RDD.scala:1062)
at org.apache.spark.mllib.util.MLUtils$.computeNumFeatures(MLUtils.scala:94)
at org.apache.spark.mllib.util.MLUtils$.loadLibSVMFile(MLUtils.scala:83)
at org.apache.spark.mllib.util.MLUtils$.loadLibSVMFile(MLUtils.scala:159)
at org.apache.spark.mllib.util.MLUtils$.loadLibSVMFile(MLUtils.scala:167)
at svmdriver$.main(svmdriver.scala:20)
at svmdriver.main(svmdriver.scala)
at sun.reflect.NativeMethodAccessorImpl.invoke0(Native Method)
at sun.reflect.NativeMethodAccessorImpl.invoke(NativeMethodAccessorImpl.java:62)
at sun.reflect.DelegatingMethodAccessorImpl.invoke(DelegatingMethodAccessorImpl.java:43)
at java.lang.reflect.Method.invoke(Method.java:498)
at org.apache.spark.deploy.JavaMainApplication.start(SparkApplication.scala:52)
at org.apache.spark.deploy.SparkSubmit.org$apache$spark$deploy$SparkSubmit$$runMain(SparkSubmit.scala:853)
at org.apache.spark.deploy.SparkSubmit.doRunMain$1(SparkSubmit.scala:161)
at org.apache.spark.deploy.SparkSubmit.submit(SparkSubmit.scala:184)
at org.apache.spark.deploy.SparkSubmit.doSubmit(SparkSubmit.scala:86)
at org.apache.spark.deploy.SparkSubmit$$anon$2.doSubmit(SparkSubmit.scala:928)
at org.apache.spark.deploy.SparkSubmit$.main(SparkSubmit.scala:937)
at org.apache.spark.deploy.SparkSubmit.main(SparkSubmit.scala)
Caused by: com.amazon.ws.emr.hadoop.fs.shaded.com.amazonaws.services.s3.model.AmazonS3Exception: The specified bucket does not exist (Service: Amazon S3; Status Code: 404; Error Code: NoSuchBucket; Request ID: F3A5778D48E15E57; S3 Extended Request ID: hDZ5Xr7/d//p7tlepXB/whD0AkTZ0K6ro8YkV8MGnR0mCBv2WWX/Wh/d2bRXtWgj77PtPhp7Tho=), S3 Extended Request ID: hDZ5Xr7/d//p7tlepXB/whD0AkTZ0K6ro8YkV8MGnR0mCBv2WWX/Wh/d2bRXtWgj77PtPhp7Tho=
at com.amazon.ws.emr.hadoop.fs.shaded.com.amazonaws.http.AmazonHttpClient$RequestExecutor.handleErrorResponse(AmazonHttpClient.java:1742)
at com.amazon.ws.emr.hadoop.fs.shaded.com.amazonaws.http.AmazonHttpClient$RequestExecutor.handleServiceErrorResponse(AmazonHttpClient.java:1371)
at com.amazon.ws.emr.hadoop.fs.shaded.com.amazonaws.http.AmazonHttpClient$RequestExecutor.executeOneRequest(AmazonHttpClient.java:1347)
at com.amazon.ws.emr.hadoop.fs.shaded.com.amazonaws.http.AmazonHttpClient$RequestExecutor.executeHelper(AmazonHttpClient.java:1127)
at com.amazon.ws.emr.hadoop.fs.shaded.com.amazonaws.http.AmazonHttpClient$RequestExecutor.doExecute(AmazonHttpClient.java:784)
at com.amazon.ws.emr.hadoop.fs.shaded.com.amazonaws.http.AmazonHttpClient$RequestExecutor.executeWithTimer(AmazonHttpClient.java:752)
at com.amazon.ws.emr.hadoop.fs.shaded.com.amazonaws.http.AmazonHttpClient$RequestExecutor.execute(AmazonHttpClient.java:726)
at com.amazon.ws.emr.hadoop.fs.shaded.com.amazonaws.http.AmazonHttpClient$RequestExecutor.access$500(AmazonHttpClient.java:686)
at com.amazon.ws.emr.hadoop.fs.shaded.com.amazonaws.http.AmazonHttpClient$RequestExecutionBuilderImpl.execute(AmazonHttpClient.java:668)
at com.amazon.ws.emr.hadoop.fs.shaded.com.amazonaws.http.AmazonHttpClient.execute(AmazonHttpClient.java:532)
at com.amazon.ws.emr.hadoop.fs.shaded.com.amazonaws.http.AmazonHttpClient.execute(AmazonHttpClient.java:512)
at com.amazon.ws.emr.hadoop.fs.shaded.com.amazonaws.services.s3.AmazonS3Client.invoke(AmazonS3Client.java:5052)
at com.amazon.ws.emr.hadoop.fs.shaded.com.amazonaws.services.s3.AmazonS3Client.invoke(AmazonS3Client.java:4998)
at com.amazon.ws.emr.hadoop.fs.shaded.com.amazonaws.services.s3.AmazonS3Client.invoke(AmazonS3Client.java:4992)
at com.amazon.ws.emr.hadoop.fs.shaded.com.amazonaws.services.s3.AmazonS3Client.listObjectsV2(AmazonS3Client.java:938)
at com.amazon.ws.emr.hadoop.fs.s3.lite.call.ListObjectsV2Call.perform(ListObjectsV2Call.java:22)
at com.amazon.ws.emr.hadoop.fs.s3.lite.call.ListObjectsV2Call.perform(ListObjectsV2Call.java:8)
at com.amazon.ws.emr.hadoop.fs.s3.lite.executor.GlobalS3Executor.execute(GlobalS3Executor.java:114)
at com.amazon.ws.emr.hadoop.fs.s3.lite.AmazonS3LiteClient.invoke(AmazonS3LiteClient.java:189)
at com.amazon.ws.emr.hadoop.fs.s3.lite.AmazonS3LiteClient.invoke(AmazonS3LiteClient.java:184)
at com.amazon.ws.emr.hadoop.fs.s3.lite.AmazonS3LiteClient.listObjectsV2(AmazonS3LiteClient.java:75)
at com.amazon.ws.emr.hadoop.fs.s3n.Jets3tNativeFileSystemStore.list(Jets3tNativeFileSystemStore.java:320)
... 63 more
20/12/11 18:02:24 INFO SparkContext: Invoking stop() from shutdown hook
20/12/11 18:02:24 INFO SparkUI: Stopped Spark web UI at http://ip-172-31-37-136.us-east-2.compute.internal:4040
20/12/11 18:02:24 INFO BlockManagerInfo: Removed broadcast_0_piece0 on ip-172-31-37-136.us-east-2.compute.internal:38617 in memory (size: 24.4 KB, free: 1038.8 MB)
20/12/11 18:02:24 INFO MapOutputTrackerMasterEndpoint: MapOutputTrackerMasterEndpoint stopped!
20/12/11 18:02:24 INFO MemoryStore: MemoryStore cleared
20/12/11 18:02:24 INFO BlockManager: BlockManager stopped
20/12/11 18:02:24 INFO BlockManagerMaster: BlockManagerMaster stopped
20/12/11 18:02:24 INFO OutputCommitCoordinator$OutputCommitCoordinatorEndpoint: OutputCommitCoordinator stopped!
20/12/11 18:02:24 INFO SparkContext: Successfully stopped SparkContext
20/12/11 18:02:24 INFO ShutdownHookManager: Shutdown hook called
20/12/11 18:02:24 INFO ShutdownHookManager: Deleting directory /mnt/tmp/spark-09af908d-628b-4b6a-b6f8-21d29a0dcfdd
20/12/11 18:02:24 INFO ShutdownHookManager: Deleting directory /mnt/tmp/spark-99a4f242-af81-46e2-8f71-55c296cd2ba6
[hadoop@ip-172-31-37-136 ~]$ 